help.are
social.are
rom.are
group.are
olc.hlp
immort.are
clouds1.are
clouds2.are
limbo.are
avalley.are
neweare.are
school.are
thivscat.are
sgrass.are
swamp.are
nefor.are
undead.are
shendaer.are
dantaron.are
undead2.are
monast.are
hillgian.are
towershe.are
titan.are
chaja.are
shuddeni.are
kkhilgh.are
darkcity.are
darkcave.are
yith.are
earout.are
ngrass.are
arien.are
uthocean.are
brinroad.are
brinmtn.are
vbdocks.are
tower.are
nendor.are
aragol.are
ldant.are
krilin.are
varbndr.are
griffin.are
champion.are
halllaw.are
conquest.are
raiders.are
qilarn.are
shargob.are
fort.are
korroad.are
rock.are
xiganath.are
ethville.are
rystaia.are
crown.are
morn.are
dream.are
basalt.are
aeolis.are
rannock.are
