0
1
10318
10328
10332
10333
10335
10338
10403
10404
10592
10592.desc
10700
10710
10783
12011
12014
12067
1210
12104
12104.desc
12105
12106
12107
12108
1211
12110
12113
12116
12119
12150
12150.desc
12160
12202
12245
1230.desc
1261
1290.desc
130
1316
1317
1318
1319
1320
1321
1322
1323
1326
1327
1328
1330
1331
1340
1341
1342
1348
1349
1350
13500.desc
1351
13511
13512
1352
1354
13554
13555
13556
13557
13559
13562
13568
1359
1361
1363
1366
1367
1368
1370
1371
1378
1379
13830
15174
15179
15180
15184
15190
15191
15192
15193
15194
15195
15196
15199
15201
15202
15203
15204
15205
15209
15210
15211
15213
15214
15217
15218
15219
15221
15223
15225
15263
17122
17123
17125
17129
17133
17137
17138
17139
19003
19005
19006
19024
19501
19502
19503
19504
19505
19506
19507
19508
19509
19510
19511
19512
19513
19514
19515
19516
19517
19518
19530
19575
19576
19579
19580
19581
19649
19650
19651
19652
19653
19656
1997
1999
22073
22074
22076
22077
22084
22099
22255
22257
22269
24115
24154
25400.desc
25595
25600
26603
26604
26605
26613
26615
26616
26653
2787
2788
2789
2790
2791
2792
2793
2794
2798
3105
330
3401
3406
3525
3546
3550
3558
3571
3580
3581
3582
3595
3599
3608
3612
3619
3690
3691
3700.desc
4002.desc
41
4471
516
517
532
5493
5854
5867
5868
5869
5870
5909
5910
5911
5919
5929
5933
5936
5940
5941
5991
5992
5993
6357
7
7484
7496
8.desc
8320
8321
8401
8832
